-- Found ament_cmake: 1.3.3 (/opt/ros/humble/share/ament_cmake/cmake)
-- Found rclcpp: 16.0.3 (/opt/ros/humble/share/rclcpp/cmake)
-- Found rosidl_generator_c: 3.1.4 (/opt/ros/humble/share/rosidl_generator_c/cmake)
-- Found rosidl_adapter: 3.1.4 (/opt/ros/humble/share/rosidl_adapter/cmake)
-- Found rosidl_generator_cpp: 3.1.4 (/opt/ros/humble/share/rosidl_generator_cpp/cmake)
-- Using all available rosidl_typesupport_c: rosidl_typesupport_fastrtps_c;rosidl_typesupport_introspection_c
-- Using all available rosidl_typesupport_cpp: rosidl_typesupport_fastrtps_cpp;rosidl_typesupport_introspection_cpp
-- Found rmw_implementation_cmake: 6.1.1 (/opt/ros/humble/share/rmw_implementation_cmake/cmake)
-- Found rmw_fastrtps_cpp: 6.2.2 (/opt/ros/humble/share/rmw_fastrtps_cpp/cmake)
-- Using RMW implementation 'rmw_fastrtps_cpp' as default
-- Configuring done
-- Generating done
-- Build files have been written to: /home/omer/omr-web/ROS2/build/composiv_tryouts
[35m[1mConsolidate compiler generated dependencies of target composiv_talker[0m
[35m[1mConsolidate compiler generated dependencies of target composiv_listener[0m
[ 50%] Built target composiv_talker
[100%] Built target composiv_listener
-- Install configuration: ""
-- Up-to-date: /home/omer/omr-web/ROS2/install/composiv_tryouts/lib/composiv_tryouts/composiv_talker
-- Up-to-date: /home/omer/omr-web/ROS2/install/composiv_tryouts/lib/composiv_tryouts/composiv_listener
-- Installing: /home/omer/omr-web/ROS2/install/composiv_tryouts/share/composiv_tryouts/launch
-- Installing: /home/omer/omr-web/ROS2/install/composiv_tryouts/share/composiv_tryouts/launch/composiv_tryout.launch.py
-- Up-to-date: /home/omer/omr-web/ROS2/install/composiv_tryouts/share/ament_index/resource_index/package_run_dependencies/composiv_tryouts
-- Up-to-date: /home/omer/omr-web/ROS2/install/composiv_tryouts/share/ament_index/resource_index/parent_prefix_path/composiv_tryouts
-- Up-to-date: /home/omer/omr-web/ROS2/install/composiv_tryouts/share/composiv_tryouts/environment/ament_prefix_path.sh
-- Installing: /home/omer/omr-web/ROS2/install/composiv_tryouts/share/composiv_tryouts/environment/ament_prefix_path.dsv
-- Up-to-date: /home/omer/omr-web/ROS2/install/composiv_tryouts/share/composiv_tryouts/environment/path.sh
-- Installing: /home/omer/omr-web/ROS2/install/composiv_tryouts/share/composiv_tryouts/environment/path.dsv
-- Up-to-date: /home/omer/omr-web/ROS2/install/composiv_tryouts/share/composiv_tryouts/local_setup.bash
-- Up-to-date: /home/omer/omr-web/ROS2/install/composiv_tryouts/share/composiv_tryouts/local_setup.sh
-- Up-to-date: /home/omer/omr-web/ROS2/install/composiv_tryouts/share/composiv_tryouts/local_setup.zsh
-- Installing: /home/omer/omr-web/ROS2/install/composiv_tryouts/share/composiv_tryouts/local_setup.dsv
-- Installing: /home/omer/omr-web/ROS2/install/composiv_tryouts/share/composiv_tryouts/package.dsv
-- Up-to-date: /home/omer/omr-web/ROS2/install/composiv_tryouts/share/ament_index/resource_index/packages/composiv_tryouts
-- Up-to-date: /home/omer/omr-web/ROS2/install/composiv_tryouts/share/composiv_tryouts/cmake/composiv_tryoutsConfig.cmake
-- Up-to-date: /home/omer/omr-web/ROS2/install/composiv_tryouts/share/composiv_tryouts/cmake/composiv_tryoutsConfig-version.cmake
-- Up-to-date: /home/omer/omr-web/ROS2/install/composiv_tryouts/share/composiv_tryouts/package.xml
