[35m[1mConsolidate compiler generated dependencies of target composiv_listener[0m
[ 50%] Built target composiv_talker
[ 75%] [32mBuilding CXX object CMakeFiles/composiv_listener.dir/src/composiv_listener.cpp.o[0m
[100%] [32m[1mLinking CXX executable composiv_listener[0m
[100%] Built target composiv_listener
-- Install configuration: ""
-- Up-to-date: /home/omer/omr-web/ROS2/install/composiv_tryouts/lib/composiv_tryouts/composiv_talker
-- Installing: /home/omer/omr-web/ROS2/install/composiv_tryouts/lib/composiv_tryouts/composiv_listener
-- Set runtime path of "/home/omer/omr-web/ROS2/install/composiv_tryouts/lib/composiv_tryouts/composiv_listener" to ""
-- Up-to-date: /home/omer/omr-web/ROS2/install/composiv_tryouts/share/ament_index/resource_index/package_run_dependencies/composiv_tryouts
-- Installing: /home/omer/omr-web/ROS2/install/composiv_tryouts/share/ament_index/resource_index/parent_prefix_path/composiv_tryouts
-- Up-to-date: /home/omer/omr-web/ROS2/install/composiv_tryouts/share/composiv_tryouts/environment/ament_prefix_path.sh
-- Installing: /home/omer/omr-web/ROS2/install/composiv_tryouts/share/composiv_tryouts/environment/ament_prefix_path.dsv
-- Up-to-date: /home/omer/omr-web/ROS2/install/composiv_tryouts/share/composiv_tryouts/environment/path.sh
-- Installing: /home/omer/omr-web/ROS2/install/composiv_tryouts/share/composiv_tryouts/environment/path.dsv
-- Up-to-date: /home/omer/omr-web/ROS2/install/composiv_tryouts/share/composiv_tryouts/local_setup.bash
-- Up-to-date: /home/omer/omr-web/ROS2/install/composiv_tryouts/share/composiv_tryouts/local_setup.sh
-- Up-to-date: /home/omer/omr-web/ROS2/install/composiv_tryouts/share/composiv_tryouts/local_setup.zsh
-- Installing: /home/omer/omr-web/ROS2/install/composiv_tryouts/share/composiv_tryouts/local_setup.dsv
-- Installing: /home/omer/omr-web/ROS2/install/composiv_tryouts/share/composiv_tryouts/package.dsv
-- Up-to-date: /home/omer/omr-web/ROS2/install/composiv_tryouts/share/ament_index/resource_index/packages/composiv_tryouts
-- Up-to-date: /home/omer/omr-web/ROS2/install/composiv_tryouts/share/composiv_tryouts/cmake/composiv_tryoutsConfig.cmake
-- Up-to-date: /home/omer/omr-web/ROS2/install/composiv_tryouts/share/composiv_tryouts/cmake/composiv_tryoutsConfig-version.cmake
-- Up-to-date: /home/omer/omr-web/ROS2/install/composiv_tryouts/share/composiv_tryouts/package.xml
