[0.025s] Invoking command in '/home/omer/omr-web/ROS2/build/composiv_tryouts': CMAKE_PREFIX_PATH=${CMAKE_PREFIX_PATH}:/opt/ros/humble /usr/bin/cmake --build /home/omer/omr-web/ROS2/build/composiv_tryouts -- -j8 -l8
[0.069s] [35m[1mConsolidate compiler generated dependencies of target composiv_listener[0m
[0.083s] [ 50%] Built target composiv_talker
[0.091s] [ 75%] [32mBuilding CXX object CMakeFiles/composiv_listener.dir/src/composiv_listener.cpp.o[0m
[8.722s] [100%] [32m[1mLinking CXX executable composiv_listener[0m
[9.174s] [100%] Built target composiv_listener
[9.184s] Invoked command in '/home/omer/omr-web/ROS2/build/composiv_tryouts' returned '0': CMAKE_PREFIX_PATH=${CMAKE_PREFIX_PATH}:/opt/ros/humble /usr/bin/cmake --build /home/omer/omr-web/ROS2/build/composiv_tryouts -- -j8 -l8
[9.216s] Invoking command in '/home/omer/omr-web/ROS2/build/composiv_tryouts': CMAKE_PREFIX_PATH=${CMAKE_PREFIX_PATH}:/opt/ros/humble /usr/bin/cmake --install /home/omer/omr-web/ROS2/build/composiv_tryouts
[9.225s] -- Install configuration: ""
[9.225s] -- Up-to-date: /home/omer/omr-web/ROS2/install/composiv_tryouts/lib/composiv_tryouts/composiv_talker
[9.225s] -- Installing: /home/omer/omr-web/ROS2/install/composiv_tryouts/lib/composiv_tryouts/composiv_listener
[9.229s] -- Set runtime path of "/home/omer/omr-web/ROS2/install/composiv_tryouts/lib/composiv_tryouts/composiv_listener" to ""
[9.229s] -- Up-to-date: /home/omer/omr-web/ROS2/install/composiv_tryouts/share/ament_index/resource_index/package_run_dependencies/composiv_tryouts
[9.229s] -- Installing: /home/omer/omr-web/ROS2/install/composiv_tryouts/share/ament_index/resource_index/parent_prefix_path/composiv_tryouts
[9.229s] -- Up-to-date: /home/omer/omr-web/ROS2/install/composiv_tryouts/share/composiv_tryouts/environment/ament_prefix_path.sh
[9.229s] -- Installing: /home/omer/omr-web/ROS2/install/composiv_tryouts/share/composiv_tryouts/environment/ament_prefix_path.dsv
[9.229s] -- Up-to-date: /home/omer/omr-web/ROS2/install/composiv_tryouts/share/composiv_tryouts/environment/path.sh
[9.229s] -- Installing: /home/omer/omr-web/ROS2/install/composiv_tryouts/share/composiv_tryouts/environment/path.dsv
[9.229s] -- Up-to-date: /home/omer/omr-web/ROS2/install/composiv_tryouts/share/composiv_tryouts/local_setup.bash
[9.229s] -- Up-to-date: /home/omer/omr-web/ROS2/install/composiv_tryouts/share/composiv_tryouts/local_setup.sh
[9.230s] -- Up-to-date: /home/omer/omr-web/ROS2/install/composiv_tryouts/share/composiv_tryouts/local_setup.zsh
[9.230s] -- Installing: /home/omer/omr-web/ROS2/install/composiv_tryouts/share/composiv_tryouts/local_setup.dsv
[9.230s] -- Installing: /home/omer/omr-web/ROS2/install/composiv_tryouts/share/composiv_tryouts/package.dsv
[9.230s] -- Up-to-date: /home/omer/omr-web/ROS2/install/composiv_tryouts/share/ament_index/resource_index/packages/composiv_tryouts
[9.230s] -- Up-to-date: /home/omer/omr-web/ROS2/install/composiv_tryouts/share/composiv_tryouts/cmake/composiv_tryoutsConfig.cmake
[9.230s] -- Up-to-date: /home/omer/omr-web/ROS2/install/composiv_tryouts/share/composiv_tryouts/cmake/composiv_tryoutsConfig-version.cmake
[9.230s] -- Up-to-date: /home/omer/omr-web/ROS2/install/composiv_tryouts/share/composiv_tryouts/package.xml
[9.233s] Invoked command in '/home/omer/omr-web/ROS2/build/composiv_tryouts' returned '0': CMAKE_PREFIX_PATH=${CMAKE_PREFIX_PATH}:/opt/ros/humble /usr/bin/cmake --install /home/omer/omr-web/ROS2/build/composiv_tryouts
