[0.405s] DEBUG:colcon:Command line arguments: ['/usr/bin/colcon', 'build']
[0.406s] DEBUG:colcon:Parsed command line arguments: Namespace(log_base=None, log_level=None, verb_name='build', build_base='build', install_base='install', merge_install=False, symlink_install=False, test_result_base=None, continue_on_error=False, executor='parallel', parallel_workers=8, event_handlers=None, ignore_user_meta=False, metas=['./colcon.meta'], base_paths=['.'], packages_ignore=None, packages_ignore_regex=None, paths=None, packages_up_to=None, packages_up_to_regex=None, packages_above=None, packages_above_and_dependencies=None, packages_above_depth=None, packages_select_by_dep=None, packages_skip_by_dep=None, packages_skip_up_to=None, packages_select_build_failed=False, packages_skip_build_finished=False, packages_select_test_failures=False, packages_skip_test_passed=False, packages_select=None, packages_skip=None, packages_select_regex=None, packages_skip_regex=None, packages_start=None, packages_end=None, allow_overriding=[], cmake_args=None, cmake_target=None, cmake_target_skip_unavailable=False, cmake_clean_cache=False, cmake_clean_first=False, cmake_force_configure=False, ament_cmake_args=None, catkin_cmake_args=None, catkin_skip_building_tests=False, verb_parser=<colcon_defaults.argument_parser.defaults.DefaultArgumentsDecorator object at 0x7f3e173a87f0>, verb_extension=<colcon_core.verb.build.BuildVerb object at 0x7f3e174b2140>, main=<bound method BuildVerb.main of <colcon_core.verb.build.BuildVerb object at 0x7f3e174b2140>>)
[0.447s] Level 1:colcon.colcon_core.package_discovery:discover_packages(colcon_meta) check parameters
[0.448s] Level 1:colcon.colcon_core.package_discovery:discover_packages(recursive) check parameters
[0.448s] Level 1:colcon.colcon_core.package_discovery:discover_packages(ignore) check parameters
[0.448s] Level 1:colcon.colcon_core.package_discovery:discover_packages(path) check parameters
[0.448s] Level 1:colcon.colcon_core.package_discovery:discover_packages(colcon_meta) discover
[0.448s] Level 1:colcon.colcon_core.package_discovery:discover_packages(recursive) discover
[0.448s] INFO:colcon.colcon_core.package_discovery:Crawling recursively for packages in '/home/omer/omr-web/ROS2'
[0.448s] Level 1:colcon.colcon_core.package_identification:_identify(.) by extensions ['ignore', 'ignore_ament_install']
[0.448s] Level 1:colcon.colcon_core.package_identification:_identify(.) by extension 'ignore'
[0.448s] Level 1:colcon.colcon_core.package_identification:_identify(.) by extension 'ignore_ament_install'
[0.448s] Level 1:colcon.colcon_core.package_identification:_identify(.) by extensions ['colcon_pkg']
[0.448s] Level 1:colcon.colcon_core.package_identification:_identify(.) by extension 'colcon_pkg'
[0.449s] Level 1:colcon.colcon_core.package_identification:_identify(.) by extensions ['colcon_meta']
[0.449s] Level 1:colcon.colcon_core.package_identification:_identify(.) by extension 'colcon_meta'
[0.449s] Level 1:colcon.colcon_core.package_identification:_identify(.) by extensions ['ros']
[0.449s] Level 1:colcon.colcon_core.package_identification:_identify(.) by extension 'ros'
[0.467s] Level 1:colcon.colcon_core.package_identification:_identify(.) by extensions ['cmake', 'python']
[0.467s] Level 1:colcon.colcon_core.package_identification:_identify(.) by extension 'cmake'
[0.467s] Level 1:colcon.colcon_core.package_identification:_identify(.) by extension 'python'
[0.467s] Level 1:colcon.colcon_core.package_identification:_identify(.) by extensions ['python_setup_py']
[0.467s] Level 1:colcon.colcon_core.package_identification:_identify(.) by extension 'python_setup_py'
[0.467s] Level 1:colcon.colcon_core.package_identification:_identify(build) by extensions ['ignore', 'ignore_ament_install']
[0.467s] Level 1:colcon.colcon_core.package_identification:_identify(build) by extension 'ignore'
[0.467s] Level 1:colcon.colcon_core.package_identification:_identify(build) ignored
[0.468s] Level 1:colcon.colcon_core.package_identification:_identify(install) by extensions ['ignore', 'ignore_ament_install']
[0.468s] Level 1:colcon.colcon_core.package_identification:_identify(install) by extension 'ignore'
[0.468s] Level 1:colcon.colcon_core.package_identification:_identify(install) ignored
[0.468s] Level 1:colcon.colcon_core.package_identification:_identify(log) by extensions ['ignore', 'ignore_ament_install']
[0.468s] Level 1:colcon.colcon_core.package_identification:_identify(log) by extension 'ignore'
[0.468s] Level 1:colcon.colcon_core.package_identification:_identify(log) ignored
[0.468s] Level 1:colcon.colcon_core.package_identification:_identify(src) by extensions ['ignore', 'ignore_ament_install']
[0.468s] Level 1:colcon.colcon_core.package_identification:_identify(src) by extension 'ignore'
[0.468s] Level 1:colcon.colcon_core.package_identification:_identify(src) by extension 'ignore_ament_install'
[0.468s] Level 1:colcon.colcon_core.package_identification:_identify(src) by extensions ['colcon_pkg']
[0.468s] Level 1:colcon.colcon_core.package_identification:_identify(src) by extension 'colcon_pkg'
[0.468s] Level 1:colcon.colcon_core.package_identification:_identify(src) by extensions ['colcon_meta']
[0.468s] Level 1:colcon.colcon_core.package_identification:_identify(src) by extension 'colcon_meta'
[0.469s] Level 1:colcon.colcon_core.package_identification:_identify(src) by extensions ['ros']
[0.469s] Level 1:colcon.colcon_core.package_identification:_identify(src) by extension 'ros'
[0.469s] Level 1:colcon.colcon_core.package_identification:_identify(src) by extensions ['cmake', 'python']
[0.469s] Level 1:colcon.colcon_core.package_identification:_identify(src) by extension 'cmake'
[0.469s] Level 1:colcon.colcon_core.package_identification:_identify(src) by extension 'python'
[0.469s] Level 1:colcon.colcon_core.package_identification:_identify(src) by extensions ['python_setup_py']
[0.469s] Level 1:colcon.colcon_core.package_identification:_identify(src) by extension 'python_setup_py'
[0.469s] Level 1:colcon.colcon_core.package_identification:_identify(src/composiv_tryouts) by extensions ['ignore', 'ignore_ament_install']
[0.469s] Level 1:colcon.colcon_core.package_identification:_identify(src/composiv_tryouts) by extension 'ignore'
[0.469s] Level 1:colcon.colcon_core.package_identification:_identify(src/composiv_tryouts) by extension 'ignore_ament_install'
[0.469s] Level 1:colcon.colcon_core.package_identification:_identify(src/composiv_tryouts) by extensions ['colcon_pkg']
[0.469s] Level 1:colcon.colcon_core.package_identification:_identify(src/composiv_tryouts) by extension 'colcon_pkg'
[0.469s] Level 1:colcon.colcon_core.package_identification:_identify(src/composiv_tryouts) by extensions ['colcon_meta']
[0.469s] Level 1:colcon.colcon_core.package_identification:_identify(src/composiv_tryouts) by extension 'colcon_meta'
[0.469s] Level 1:colcon.colcon_core.package_identification:_identify(src/composiv_tryouts) by extensions ['ros']
[0.469s] Level 1:colcon.colcon_core.package_identification:_identify(src/composiv_tryouts) by extension 'ros'
[0.472s] DEBUG:colcon.colcon_core.package_identification:Package 'src/composiv_tryouts' with type 'ros.ament_cmake' and name 'composiv_tryouts'
[0.472s] Level 1:colcon.colcon_core.package_discovery:discover_packages(recursive) using defaults
[0.473s] Level 1:colcon.colcon_core.package_discovery:discover_packages(ignore) discover
[0.473s] Level 1:colcon.colcon_core.package_discovery:discover_packages(ignore) using defaults
[0.473s] Level 1:colcon.colcon_core.package_discovery:discover_packages(path) discover
[0.473s] Level 1:colcon.colcon_core.package_discovery:discover_packages(path) using defaults
[0.509s] Level 1:colcon.colcon_core.package_discovery:discover_packages(prefix_path) check parameters
[0.509s] Level 1:colcon.colcon_core.package_discovery:discover_packages(prefix_path) discover
[0.515s] DEBUG:colcon.colcon_installed_package_information.package_discovery:Found 324 installed packages in /opt/ros/humble
[0.517s] Level 1:colcon.colcon_core.package_discovery:discover_packages(prefix_path) using defaults
[0.598s] Level 5:colcon.colcon_core.verb:set package 'composiv_tryouts' build argument 'cmake_args' from command line to 'None'
[0.598s] Level 5:colcon.colcon_core.verb:set package 'composiv_tryouts' build argument 'cmake_target' from command line to 'None'
[0.598s] Level 5:colcon.colcon_core.verb:set package 'composiv_tryouts' build argument 'cmake_target_skip_unavailable' from command line to 'False'
[0.598s] Level 5:colcon.colcon_core.verb:set package 'composiv_tryouts' build argument 'cmake_clean_cache' from command line to 'False'
[0.598s] Level 5:colcon.colcon_core.verb:set package 'composiv_tryouts' build argument 'cmake_clean_first' from command line to 'False'
[0.598s] Level 5:colcon.colcon_core.verb:set package 'composiv_tryouts' build argument 'cmake_force_configure' from command line to 'False'
[0.598s] Level 5:colcon.colcon_core.verb:set package 'composiv_tryouts' build argument 'ament_cmake_args' from command line to 'None'
[0.598s] Level 5:colcon.colcon_core.verb:set package 'composiv_tryouts' build argument 'catkin_cmake_args' from command line to 'None'
[0.598s] Level 5:colcon.colcon_core.verb:set package 'composiv_tryouts' build argument 'catkin_skip_building_tests' from command line to 'False'
[0.598s] DEBUG:colcon.colcon_core.verb:Building package 'composiv_tryouts' with the following arguments: {'ament_cmake_args': None, 'build_base': '/home/omer/omr-web/ROS2/build/composiv_tryouts', 'catkin_cmake_args': None, 'catkin_skip_building_tests': False, 'cmake_args': None, 'cmake_clean_cache': False, 'cmake_clean_first': False, 'cmake_force_configure': False, 'cmake_target': None, 'cmake_target_skip_unavailable': False, 'install_base': '/home/omer/omr-web/ROS2/install/composiv_tryouts', 'merge_install': False, 'path': '/home/omer/omr-web/ROS2/src/composiv_tryouts', 'symlink_install': False, 'test_result_base': None}
[0.600s] INFO:colcon.colcon_core.executor:Executing jobs using 'parallel' executor
[0.610s] DEBUG:colcon.colcon_parallel_executor.executor.parallel:run_until_complete
[0.610s] INFO:colcon.colcon_ros.task.ament_cmake.build:Building ROS package in '/home/omer/omr-web/ROS2/src/composiv_tryouts' with build type 'ament_cmake'
[0.610s] INFO:colcon.colcon_cmake.task.cmake.build:Building CMake package in '/home/omer/omr-web/ROS2/src/composiv_tryouts'
[0.617s] INFO:colcon.colcon_core.plugin_system:Skipping extension 'colcon_core.shell.bat': Not used on non-Windows systems
[0.618s] INFO:colcon.colcon_core.shell:Skip shell extension 'powershell' for command environment: Not usable outside of PowerShell
[0.618s] DEBUG:colcon.colcon_core.shell:Skip shell extension 'dsv' for command environment
[0.632s] DEBUG:colcon.colcon_core.event_handler.log_command:Invoking command in '/home/omer/omr-web/ROS2/build/composiv_tryouts': CMAKE_PREFIX_PATH=/opt/ros/humble /usr/bin/cmake --build /home/omer/omr-web/ROS2/build/composiv_tryouts -- -j8 -l8
[5.618s] DEBUG:colcon.colcon_core.event_handler.log_command:Invoked command in '/home/omer/omr-web/ROS2/build/composiv_tryouts' returned '0': CMAKE_PREFIX_PATH=/opt/ros/humble /usr/bin/cmake --build /home/omer/omr-web/ROS2/build/composiv_tryouts -- -j8 -l8
[5.650s] DEBUG:colcon.colcon_core.event_handler.log_command:Invoking command in '/home/omer/omr-web/ROS2/build/composiv_tryouts': CMAKE_PREFIX_PATH=/opt/ros/humble /usr/bin/cmake --install /home/omer/omr-web/ROS2/build/composiv_tryouts
[5.663s] Level 1:colcon.colcon_core.environment:create_environment_scripts_only(composiv_tryouts)
[5.666s] DEBUG:colcon.colcon_core.event_handler.log_command:Invoked command in '/home/omer/omr-web/ROS2/build/composiv_tryouts' returned '0': CMAKE_PREFIX_PATH=/opt/ros/humble /usr/bin/cmake --install /home/omer/omr-web/ROS2/build/composiv_tryouts
[5.673s] Level 1:colcon.colcon_core.environment:checking '/home/omer/omr-web/ROS2/install/composiv_tryouts' for CMake module files
[5.673s] Level 1:colcon.colcon_core.environment:checking '/home/omer/omr-web/ROS2/install/composiv_tryouts' for CMake config files
[5.674s] Level 1:colcon.colcon_core.shell:create_environment_hook('composiv_tryouts', 'cmake_prefix_path')
[5.677s] INFO:colcon.colcon_core.shell:Creating environment hook '/home/omer/omr-web/ROS2/install/composiv_tryouts/share/composiv_tryouts/hook/cmake_prefix_path.ps1'
[5.678s] INFO:colcon.colcon_core.shell:Creating environment descriptor '/home/omer/omr-web/ROS2/install/composiv_tryouts/share/composiv_tryouts/hook/cmake_prefix_path.dsv'
[5.679s] INFO:colcon.colcon_core.shell:Creating environment hook '/home/omer/omr-web/ROS2/install/composiv_tryouts/share/composiv_tryouts/hook/cmake_prefix_path.sh'
[5.680s] Level 1:colcon.colcon_core.environment:checking '/home/omer/omr-web/ROS2/install/composiv_tryouts/lib'
[5.680s] Level 1:colcon.colcon_core.environment:checking '/home/omer/omr-web/ROS2/install/composiv_tryouts/bin'
[5.680s] Level 1:colcon.colcon_core.environment:checking '/home/omer/omr-web/ROS2/install/composiv_tryouts/lib/pkgconfig/composiv_tryouts.pc'
[5.680s] Level 1:colcon.colcon_core.environment:checking '/home/omer/omr-web/ROS2/install/composiv_tryouts/lib/python3.10/site-packages'
[5.680s] Level 1:colcon.colcon_core.environment:checking '/home/omer/omr-web/ROS2/install/composiv_tryouts/bin'
[5.685s] INFO:colcon.colcon_core.shell:Creating package script '/home/omer/omr-web/ROS2/install/composiv_tryouts/share/composiv_tryouts/package.ps1'
[5.686s] INFO:colcon.colcon_core.shell:Creating package descriptor '/home/omer/omr-web/ROS2/install/composiv_tryouts/share/composiv_tryouts/package.dsv'
[5.686s] INFO:colcon.colcon_core.shell:Creating package script '/home/omer/omr-web/ROS2/install/composiv_tryouts/share/composiv_tryouts/package.sh'
[5.687s] INFO:colcon.colcon_core.shell:Creating package script '/home/omer/omr-web/ROS2/install/composiv_tryouts/share/composiv_tryouts/package.bash'
[5.688s] INFO:colcon.colcon_core.shell:Creating package script '/home/omer/omr-web/ROS2/install/composiv_tryouts/share/composiv_tryouts/package.zsh'
[5.689s] Level 1:colcon.colcon_core.environment:create_file_with_runtime_dependencies(/home/omer/omr-web/ROS2/install/composiv_tryouts/share/colcon-core/packages/composiv_tryouts)
[5.715s] Level 1:colcon.colcon_core.environment:create_environment_scripts_only(composiv_tryouts)
[5.721s] Level 1:colcon.colcon_core.environment:checking '/home/omer/omr-web/ROS2/install/composiv_tryouts' for CMake module files
[5.722s] Level 1:colcon.colcon_core.environment:checking '/home/omer/omr-web/ROS2/install/composiv_tryouts' for CMake config files
[5.722s] Level 1:colcon.colcon_core.shell:create_environment_hook('composiv_tryouts', 'cmake_prefix_path')
[5.726s] INFO:colcon.colcon_core.shell:Creating environment hook '/home/omer/omr-web/ROS2/install/composiv_tryouts/share/composiv_tryouts/hook/cmake_prefix_path.ps1'
[5.727s] INFO:colcon.colcon_core.shell:Creating environment descriptor '/home/omer/omr-web/ROS2/install/composiv_tryouts/share/composiv_tryouts/hook/cmake_prefix_path.dsv'
[5.727s] INFO:colcon.colcon_core.shell:Creating environment hook '/home/omer/omr-web/ROS2/install/composiv_tryouts/share/composiv_tryouts/hook/cmake_prefix_path.sh'
[5.728s] Level 1:colcon.colcon_core.environment:checking '/home/omer/omr-web/ROS2/install/composiv_tryouts/lib'
[5.728s] Level 1:colcon.colcon_core.environment:checking '/home/omer/omr-web/ROS2/install/composiv_tryouts/bin'
[5.728s] Level 1:colcon.colcon_core.environment:checking '/home/omer/omr-web/ROS2/install/composiv_tryouts/lib/pkgconfig/composiv_tryouts.pc'
[5.728s] Level 1:colcon.colcon_core.environment:checking '/home/omer/omr-web/ROS2/install/composiv_tryouts/lib/python3.10/site-packages'
[5.728s] Level 1:colcon.colcon_core.environment:checking '/home/omer/omr-web/ROS2/install/composiv_tryouts/bin'
[5.733s] INFO:colcon.colcon_core.shell:Creating package script '/home/omer/omr-web/ROS2/install/composiv_tryouts/share/composiv_tryouts/package.ps1'
[5.734s] INFO:colcon.colcon_core.shell:Creating package descriptor '/home/omer/omr-web/ROS2/install/composiv_tryouts/share/composiv_tryouts/package.dsv'
[5.734s] INFO:colcon.colcon_core.shell:Creating package script '/home/omer/omr-web/ROS2/install/composiv_tryouts/share/composiv_tryouts/package.sh'
[5.735s] INFO:colcon.colcon_core.shell:Creating package script '/home/omer/omr-web/ROS2/install/composiv_tryouts/share/composiv_tryouts/package.bash'
[5.735s] INFO:colcon.colcon_core.shell:Creating package script '/home/omer/omr-web/ROS2/install/composiv_tryouts/share/composiv_tryouts/package.zsh'
[5.735s] Level 1:colcon.colcon_core.environment:create_file_with_runtime_dependencies(/home/omer/omr-web/ROS2/install/composiv_tryouts/share/colcon-core/packages/composiv_tryouts)
[5.736s] DEBUG:colcon.colcon_parallel_executor.executor.parallel:closing loop
[5.736s] DEBUG:colcon.colcon_parallel_executor.executor.parallel:loop closed
[5.736s] DEBUG:colcon.colcon_parallel_executor.executor.parallel:run_until_complete finished with '0'
[5.736s] DEBUG:colcon.colcon_core.event_reactor:joining thread
[5.747s] INFO:colcon.colcon_core.plugin_system:Skipping extension 'colcon_notification.desktop_notification.terminal_notifier': Not used on non-Darwin systems
[5.748s] INFO:colcon.colcon_core.plugin_system:Skipping extension 'colcon_notification.desktop_notification.win32': Not used on non-Windows systems
[5.748s] INFO:colcon.colcon_notification.desktop_notification:Sending desktop notification using 'notify2'
[5.768s] DEBUG:colcon.colcon_core.event_reactor:joined thread
[5.775s] INFO:colcon.colcon_core.shell:Creating prefix script '/home/omer/omr-web/ROS2/install/local_setup.ps1'
[5.776s] INFO:colcon.colcon_core.shell:Creating prefix util module '/home/omer/omr-web/ROS2/install/_local_setup_util_ps1.py'
[5.778s] INFO:colcon.colcon_core.shell:Creating prefix chain script '/home/omer/omr-web/ROS2/install/setup.ps1'
[5.781s] INFO:colcon.colcon_core.shell:Creating prefix script '/home/omer/omr-web/ROS2/install/local_setup.sh'
[5.783s] INFO:colcon.colcon_core.shell:Creating prefix util module '/home/omer/omr-web/ROS2/install/_local_setup_util_sh.py'
[5.783s] INFO:colcon.colcon_core.shell:Creating prefix chain script '/home/omer/omr-web/ROS2/install/setup.sh'
[5.786s] INFO:colcon.colcon_core.shell:Creating prefix script '/home/omer/omr-web/ROS2/install/local_setup.bash'
[5.786s] INFO:colcon.colcon_core.shell:Creating prefix chain script '/home/omer/omr-web/ROS2/install/setup.bash'
[5.790s] INFO:colcon.colcon_core.shell:Creating prefix script '/home/omer/omr-web/ROS2/install/local_setup.zsh'
[5.791s] INFO:colcon.colcon_core.shell:Creating prefix chain script '/home/omer/omr-web/ROS2/install/setup.zsh'
