[0.399s] DEBUG:colcon:Command line arguments: ['/usr/bin/colcon', 'build']
[0.399s] DEBUG:colcon:Parsed command line arguments: Namespace(log_base=None, log_level=None, verb_name='build', build_base='build', install_base='install', merge_install=False, symlink_install=False, test_result_base=None, continue_on_error=False, executor='parallel', parallel_workers=8, event_handlers=None, ignore_user_meta=False, metas=['./colcon.meta'], base_paths=['.'], packages_ignore=None, packages_ignore_regex=None, paths=None, packages_up_to=None, packages_up_to_regex=None, packages_above=None, packages_above_and_dependencies=None, packages_above_depth=None, packages_select_by_dep=None, packages_skip_by_dep=None, packages_skip_up_to=None, packages_select_build_failed=False, packages_skip_build_finished=False, packages_select_test_failures=False, packages_skip_test_passed=False, packages_select=None, packages_skip=None, packages_select_regex=None, packages_skip_regex=None, packages_start=None, packages_end=None, allow_overriding=[], cmake_args=None, cmake_target=None, cmake_target_skip_unavailable=False, cmake_clean_cache=False, cmake_clean_first=False, cmake_force_configure=False, ament_cmake_args=None, catkin_cmake_args=None, catkin_skip_building_tests=False, verb_parser=<colcon_defaults.argument_parser.defaults.DefaultArgumentsDecorator object at 0x7fd98ef207f0>, verb_extension=<colcon_core.verb.build.BuildVerb object at 0x7fd98f0b2140>, main=<bound method BuildVerb.main of <colcon_core.verb.build.BuildVerb object at 0x7fd98f0b2140>>)
[0.441s] Level 1:colcon.colcon_core.package_discovery:discover_packages(colcon_meta) check parameters
[0.442s] Level 1:colcon.colcon_core.package_discovery:discover_packages(recursive) check parameters
[0.442s] Level 1:colcon.colcon_core.package_discovery:discover_packages(ignore) check parameters
[0.442s] Level 1:colcon.colcon_core.package_discovery:discover_packages(path) check parameters
[0.442s] Level 1:colcon.colcon_core.package_discovery:discover_packages(colcon_meta) discover
[0.442s] Level 1:colcon.colcon_core.package_discovery:discover_packages(recursive) discover
[0.442s] INFO:colcon.colcon_core.package_discovery:Crawling recursively for packages in '/home/omer/omr-web/ROS2'
[0.442s] Level 1:colcon.colcon_core.package_identification:_identify(.) by extensions ['ignore', 'ignore_ament_install']
[0.442s] Level 1:colcon.colcon_core.package_identification:_identify(.) by extension 'ignore'
[0.442s] Level 1:colcon.colcon_core.package_identification:_identify(.) by extension 'ignore_ament_install'
[0.442s] Level 1:colcon.colcon_core.package_identification:_identify(.) by extensions ['colcon_pkg']
[0.442s] Level 1:colcon.colcon_core.package_identification:_identify(.) by extension 'colcon_pkg'
[0.442s] Level 1:colcon.colcon_core.package_identification:_identify(.) by extensions ['colcon_meta']
[0.442s] Level 1:colcon.colcon_core.package_identification:_identify(.) by extension 'colcon_meta'
[0.442s] Level 1:colcon.colcon_core.package_identification:_identify(.) by extensions ['ros']
[0.442s] Level 1:colcon.colcon_core.package_identification:_identify(.) by extension 'ros'
[0.459s] Level 1:colcon.colcon_core.package_identification:_identify(.) by extensions ['cmake', 'python']
[0.459s] Level 1:colcon.colcon_core.package_identification:_identify(.) by extension 'cmake'
[0.459s] Level 1:colcon.colcon_core.package_identification:_identify(.) by extension 'python'
[0.459s] Level 1:colcon.colcon_core.package_identification:_identify(.) by extensions ['python_setup_py']
[0.459s] Level 1:colcon.colcon_core.package_identification:_identify(.) by extension 'python_setup_py'
[0.459s] Level 1:colcon.colcon_core.package_identification:_identify(build) by extensions ['ignore', 'ignore_ament_install']
[0.460s] Level 1:colcon.colcon_core.package_identification:_identify(build) by extension 'ignore'
[0.460s] Level 1:colcon.colcon_core.package_identification:_identify(build) ignored
[0.460s] Level 1:colcon.colcon_core.package_identification:_identify(install) by extensions ['ignore', 'ignore_ament_install']
[0.460s] Level 1:colcon.colcon_core.package_identification:_identify(install) by extension 'ignore'
[0.460s] Level 1:colcon.colcon_core.package_identification:_identify(install) ignored
[0.460s] Level 1:colcon.colcon_core.package_identification:_identify(log) by extensions ['ignore', 'ignore_ament_install']
[0.460s] Level 1:colcon.colcon_core.package_identification:_identify(log) by extension 'ignore'
[0.460s] Level 1:colcon.colcon_core.package_identification:_identify(log) ignored
[0.460s] Level 1:colcon.colcon_core.package_identification:_identify(src) by extensions ['ignore', 'ignore_ament_install']
[0.460s] Level 1:colcon.colcon_core.package_identification:_identify(src) by extension 'ignore'
[0.460s] Level 1:colcon.colcon_core.package_identification:_identify(src) by extension 'ignore_ament_install'
[0.461s] Level 1:colcon.colcon_core.package_identification:_identify(src) by extensions ['colcon_pkg']
[0.461s] Level 1:colcon.colcon_core.package_identification:_identify(src) by extension 'colcon_pkg'
[0.461s] Level 1:colcon.colcon_core.package_identification:_identify(src) by extensions ['colcon_meta']
[0.461s] Level 1:colcon.colcon_core.package_identification:_identify(src) by extension 'colcon_meta'
[0.461s] Level 1:colcon.colcon_core.package_identification:_identify(src) by extensions ['ros']
[0.461s] Level 1:colcon.colcon_core.package_identification:_identify(src) by extension 'ros'
[0.461s] Level 1:colcon.colcon_core.package_identification:_identify(src) by extensions ['cmake', 'python']
[0.461s] Level 1:colcon.colcon_core.package_identification:_identify(src) by extension 'cmake'
[0.461s] Level 1:colcon.colcon_core.package_identification:_identify(src) by extension 'python'
[0.461s] Level 1:colcon.colcon_core.package_identification:_identify(src) by extensions ['python_setup_py']
[0.461s] Level 1:colcon.colcon_core.package_identification:_identify(src) by extension 'python_setup_py'
[0.461s] Level 1:colcon.colcon_core.package_identification:_identify(src/composiv_tryouts) by extensions ['ignore', 'ignore_ament_install']
[0.461s] Level 1:colcon.colcon_core.package_identification:_identify(src/composiv_tryouts) by extension 'ignore'
[0.461s] Level 1:colcon.colcon_core.package_identification:_identify(src/composiv_tryouts) by extension 'ignore_ament_install'
[0.461s] Level 1:colcon.colcon_core.package_identification:_identify(src/composiv_tryouts) by extensions ['colcon_pkg']
[0.461s] Level 1:colcon.colcon_core.package_identification:_identify(src/composiv_tryouts) by extension 'colcon_pkg'
[0.461s] Level 1:colcon.colcon_core.package_identification:_identify(src/composiv_tryouts) by extensions ['colcon_meta']
[0.462s] Level 1:colcon.colcon_core.package_identification:_identify(src/composiv_tryouts) by extension 'colcon_meta'
[0.462s] Level 1:colcon.colcon_core.package_identification:_identify(src/composiv_tryouts) by extensions ['ros']
[0.462s] Level 1:colcon.colcon_core.package_identification:_identify(src/composiv_tryouts) by extension 'ros'
[0.465s] DEBUG:colcon.colcon_core.package_identification:Package 'src/composiv_tryouts' with type 'ros.ament_cmake' and name 'composiv_tryouts'
[0.465s] Level 1:colcon.colcon_core.package_discovery:discover_packages(recursive) using defaults
[0.465s] Level 1:colcon.colcon_core.package_discovery:discover_packages(ignore) discover
[0.465s] Level 1:colcon.colcon_core.package_discovery:discover_packages(ignore) using defaults
[0.465s] Level 1:colcon.colcon_core.package_discovery:discover_packages(path) discover
[0.465s] Level 1:colcon.colcon_core.package_discovery:discover_packages(path) using defaults
[0.500s] Level 1:colcon.colcon_core.package_discovery:discover_packages(prefix_path) check parameters
[0.500s] Level 1:colcon.colcon_core.package_discovery:discover_packages(prefix_path) discover
[0.504s] DEBUG:colcon.colcon_installed_package_information.package_discovery:Found 1 installed packages in /home/omer/omr-web/ROS2/install
[0.508s] DEBUG:colcon.colcon_installed_package_information.package_discovery:Found 324 installed packages in /opt/ros/humble
[0.510s] Level 1:colcon.colcon_core.package_discovery:discover_packages(prefix_path) using defaults
[0.585s] Level 5:colcon.colcon_core.verb:set package 'composiv_tryouts' build argument 'cmake_args' from command line to 'None'
[0.585s] Level 5:colcon.colcon_core.verb:set package 'composiv_tryouts' build argument 'cmake_target' from command line to 'None'
[0.585s] Level 5:colcon.colcon_core.verb:set package 'composiv_tryouts' build argument 'cmake_target_skip_unavailable' from command line to 'False'
[0.585s] Level 5:colcon.colcon_core.verb:set package 'composiv_tryouts' build argument 'cmake_clean_cache' from command line to 'False'
[0.585s] Level 5:colcon.colcon_core.verb:set package 'composiv_tryouts' build argument 'cmake_clean_first' from command line to 'False'
[0.585s] Level 5:colcon.colcon_core.verb:set package 'composiv_tryouts' build argument 'cmake_force_configure' from command line to 'False'
[0.585s] Level 5:colcon.colcon_core.verb:set package 'composiv_tryouts' build argument 'ament_cmake_args' from command line to 'None'
[0.585s] Level 5:colcon.colcon_core.verb:set package 'composiv_tryouts' build argument 'catkin_cmake_args' from command line to 'None'
[0.585s] Level 5:colcon.colcon_core.verb:set package 'composiv_tryouts' build argument 'catkin_skip_building_tests' from command line to 'False'
[0.585s] DEBUG:colcon.colcon_core.verb:Building package 'composiv_tryouts' with the following arguments: {'ament_cmake_args': None, 'build_base': '/home/omer/omr-web/ROS2/build/composiv_tryouts', 'catkin_cmake_args': None, 'catkin_skip_building_tests': False, 'cmake_args': None, 'cmake_clean_cache': False, 'cmake_clean_first': False, 'cmake_force_configure': False, 'cmake_target': None, 'cmake_target_skip_unavailable': False, 'install_base': '/home/omer/omr-web/ROS2/install/composiv_tryouts', 'merge_install': False, 'path': '/home/omer/omr-web/ROS2/src/composiv_tryouts', 'symlink_install': False, 'test_result_base': None}
[0.587s] INFO:colcon.colcon_core.executor:Executing jobs using 'parallel' executor
[0.596s] DEBUG:colcon.colcon_parallel_executor.executor.parallel:run_until_complete
[0.597s] INFO:colcon.colcon_ros.task.ament_cmake.build:Building ROS package in '/home/omer/omr-web/ROS2/src/composiv_tryouts' with build type 'ament_cmake'
[0.597s] INFO:colcon.colcon_cmake.task.cmake.build:Building CMake package in '/home/omer/omr-web/ROS2/src/composiv_tryouts'
[0.603s] INFO:colcon.colcon_core.plugin_system:Skipping extension 'colcon_core.shell.bat': Not used on non-Windows systems
[0.604s] INFO:colcon.colcon_core.shell:Skip shell extension 'powershell' for command environment: Not usable outside of PowerShell
[0.604s] DEBUG:colcon.colcon_core.shell:Skip shell extension 'dsv' for command environment
[0.621s] DEBUG:colcon.colcon_core.event_handler.log_command:Invoking command in '/home/omer/omr-web/ROS2/build/composiv_tryouts': CMAKE_PREFIX_PATH=${CMAKE_PREFIX_PATH}:/opt/ros/humble /usr/bin/cmake --build /home/omer/omr-web/ROS2/build/composiv_tryouts -- -j8 -l8
[1.530s] DEBUG:colcon.colcon_core.event_handler.log_command:Invoked command in '/home/omer/omr-web/ROS2/build/composiv_tryouts' returned '0': CMAKE_PREFIX_PATH=${CMAKE_PREFIX_PATH}:/opt/ros/humble /usr/bin/cmake --build /home/omer/omr-web/ROS2/build/composiv_tryouts -- -j8 -l8
[1.560s] DEBUG:colcon.colcon_core.event_handler.log_command:Invoking command in '/home/omer/omr-web/ROS2/build/composiv_tryouts': CMAKE_PREFIX_PATH=${CMAKE_PREFIX_PATH}:/opt/ros/humble /usr/bin/cmake --install /home/omer/omr-web/ROS2/build/composiv_tryouts
[1.571s] Level 1:colcon.colcon_core.environment:create_environment_scripts_only(composiv_tryouts)
[1.573s] DEBUG:colcon.colcon_core.event_handler.log_command:Invoked command in '/home/omer/omr-web/ROS2/build/composiv_tryouts' returned '0': CMAKE_PREFIX_PATH=${CMAKE_PREFIX_PATH}:/opt/ros/humble /usr/bin/cmake --install /home/omer/omr-web/ROS2/build/composiv_tryouts
[1.581s] Level 1:colcon.colcon_core.environment:checking '/home/omer/omr-web/ROS2/install/composiv_tryouts' for CMake module files
[1.582s] Level 1:colcon.colcon_core.environment:checking '/home/omer/omr-web/ROS2/install/composiv_tryouts' for CMake config files
[1.582s] Level 1:colcon.colcon_core.shell:create_environment_hook('composiv_tryouts', 'cmake_prefix_path')
[1.586s] INFO:colcon.colcon_core.shell:Creating environment hook '/home/omer/omr-web/ROS2/install/composiv_tryouts/share/composiv_tryouts/hook/cmake_prefix_path.ps1'
[1.587s] INFO:colcon.colcon_core.shell:Creating environment descriptor '/home/omer/omr-web/ROS2/install/composiv_tryouts/share/composiv_tryouts/hook/cmake_prefix_path.dsv'
[1.587s] INFO:colcon.colcon_core.shell:Creating environment hook '/home/omer/omr-web/ROS2/install/composiv_tryouts/share/composiv_tryouts/hook/cmake_prefix_path.sh'
[1.588s] Level 1:colcon.colcon_core.environment:checking '/home/omer/omr-web/ROS2/install/composiv_tryouts/lib'
[1.588s] Level 1:colcon.colcon_core.environment:checking '/home/omer/omr-web/ROS2/install/composiv_tryouts/bin'
[1.588s] Level 1:colcon.colcon_core.environment:checking '/home/omer/omr-web/ROS2/install/composiv_tryouts/lib/pkgconfig/composiv_tryouts.pc'
[1.589s] Level 1:colcon.colcon_core.environment:checking '/home/omer/omr-web/ROS2/install/composiv_tryouts/lib/python3.10/site-packages'
[1.589s] Level 1:colcon.colcon_core.environment:checking '/home/omer/omr-web/ROS2/install/composiv_tryouts/bin'
[1.592s] INFO:colcon.colcon_core.shell:Creating package script '/home/omer/omr-web/ROS2/install/composiv_tryouts/share/composiv_tryouts/package.ps1'
[1.593s] INFO:colcon.colcon_core.shell:Creating package descriptor '/home/omer/omr-web/ROS2/install/composiv_tryouts/share/composiv_tryouts/package.dsv'
[1.594s] INFO:colcon.colcon_core.shell:Creating package script '/home/omer/omr-web/ROS2/install/composiv_tryouts/share/composiv_tryouts/package.sh'
[1.594s] INFO:colcon.colcon_core.shell:Creating package script '/home/omer/omr-web/ROS2/install/composiv_tryouts/share/composiv_tryouts/package.bash'
[1.595s] INFO:colcon.colcon_core.shell:Creating package script '/home/omer/omr-web/ROS2/install/composiv_tryouts/share/composiv_tryouts/package.zsh'
[1.596s] Level 1:colcon.colcon_core.environment:create_file_with_runtime_dependencies(/home/omer/omr-web/ROS2/install/composiv_tryouts/share/colcon-core/packages/composiv_tryouts)
[1.623s] Level 1:colcon.colcon_core.environment:create_environment_scripts_only(composiv_tryouts)
[1.628s] Level 1:colcon.colcon_core.environment:checking '/home/omer/omr-web/ROS2/install/composiv_tryouts' for CMake module files
[1.629s] Level 1:colcon.colcon_core.environment:checking '/home/omer/omr-web/ROS2/install/composiv_tryouts' for CMake config files
[1.629s] Level 1:colcon.colcon_core.shell:create_environment_hook('composiv_tryouts', 'cmake_prefix_path')
[1.633s] INFO:colcon.colcon_core.shell:Creating environment hook '/home/omer/omr-web/ROS2/install/composiv_tryouts/share/composiv_tryouts/hook/cmake_prefix_path.ps1'
[1.633s] INFO:colcon.colcon_core.shell:Creating environment descriptor '/home/omer/omr-web/ROS2/install/composiv_tryouts/share/composiv_tryouts/hook/cmake_prefix_path.dsv'
[1.634s] INFO:colcon.colcon_core.shell:Creating environment hook '/home/omer/omr-web/ROS2/install/composiv_tryouts/share/composiv_tryouts/hook/cmake_prefix_path.sh'
[1.634s] Level 1:colcon.colcon_core.environment:checking '/home/omer/omr-web/ROS2/install/composiv_tryouts/lib'
[1.634s] Level 1:colcon.colcon_core.environment:checking '/home/omer/omr-web/ROS2/install/composiv_tryouts/bin'
[1.634s] Level 1:colcon.colcon_core.environment:checking '/home/omer/omr-web/ROS2/install/composiv_tryouts/lib/pkgconfig/composiv_tryouts.pc'
[1.635s] Level 1:colcon.colcon_core.environment:checking '/home/omer/omr-web/ROS2/install/composiv_tryouts/lib/python3.10/site-packages'
[1.635s] Level 1:colcon.colcon_core.environment:checking '/home/omer/omr-web/ROS2/install/composiv_tryouts/bin'
[1.639s] INFO:colcon.colcon_core.shell:Creating package script '/home/omer/omr-web/ROS2/install/composiv_tryouts/share/composiv_tryouts/package.ps1'
[1.639s] INFO:colcon.colcon_core.shell:Creating package descriptor '/home/omer/omr-web/ROS2/install/composiv_tryouts/share/composiv_tryouts/package.dsv'
[1.640s] INFO:colcon.colcon_core.shell:Creating package script '/home/omer/omr-web/ROS2/install/composiv_tryouts/share/composiv_tryouts/package.sh'
[1.640s] INFO:colcon.colcon_core.shell:Creating package script '/home/omer/omr-web/ROS2/install/composiv_tryouts/share/composiv_tryouts/package.bash'
[1.640s] INFO:colcon.colcon_core.shell:Creating package script '/home/omer/omr-web/ROS2/install/composiv_tryouts/share/composiv_tryouts/package.zsh'
[1.641s] Level 1:colcon.colcon_core.environment:create_file_with_runtime_dependencies(/home/omer/omr-web/ROS2/install/composiv_tryouts/share/colcon-core/packages/composiv_tryouts)
[1.641s] DEBUG:colcon.colcon_parallel_executor.executor.parallel:closing loop
[1.641s] DEBUG:colcon.colcon_parallel_executor.executor.parallel:loop closed
[1.642s] DEBUG:colcon.colcon_parallel_executor.executor.parallel:run_until_complete finished with '0'
[1.642s] DEBUG:colcon.colcon_core.event_reactor:joining thread
[1.649s] INFO:colcon.colcon_core.plugin_system:Skipping extension 'colcon_notification.desktop_notification.terminal_notifier': Not used on non-Darwin systems
[1.649s] INFO:colcon.colcon_core.plugin_system:Skipping extension 'colcon_notification.desktop_notification.win32': Not used on non-Windows systems
[1.649s] INFO:colcon.colcon_notification.desktop_notification:Sending desktop notification using 'notify2'
[1.668s] DEBUG:colcon.colcon_core.event_reactor:joined thread
[1.673s] INFO:colcon.colcon_core.shell:Creating prefix script '/home/omer/omr-web/ROS2/install/local_setup.ps1'
[1.674s] INFO:colcon.colcon_core.shell:Creating prefix util module '/home/omer/omr-web/ROS2/install/_local_setup_util_ps1.py'
[1.675s] INFO:colcon.colcon_core.shell:Creating prefix chain script '/home/omer/omr-web/ROS2/install/setup.ps1'
[1.678s] INFO:colcon.colcon_core.shell:Creating prefix script '/home/omer/omr-web/ROS2/install/local_setup.sh'
[1.678s] INFO:colcon.colcon_core.shell:Creating prefix util module '/home/omer/omr-web/ROS2/install/_local_setup_util_sh.py'
[1.679s] INFO:colcon.colcon_core.shell:Creating prefix chain script '/home/omer/omr-web/ROS2/install/setup.sh'
[1.681s] INFO:colcon.colcon_core.shell:Creating prefix script '/home/omer/omr-web/ROS2/install/local_setup.bash'
[1.682s] INFO:colcon.colcon_core.shell:Creating prefix chain script '/home/omer/omr-web/ROS2/install/setup.bash'
[1.684s] INFO:colcon.colcon_core.shell:Creating prefix script '/home/omer/omr-web/ROS2/install/local_setup.zsh'
[1.685s] INFO:colcon.colcon_core.shell:Creating prefix chain script '/home/omer/omr-web/ROS2/install/setup.zsh'
